[2019-12-17 14:38:59] local.ERROR: Please provide a valid cache path. {"exception":"[object] (InvalidArgumentException(code: 0): Please provide a valid cache path. at /home/gg/www/NahabaGroup/ansp/vendor/laravel/framework/src/Illuminate/View/Compilers/Compiler.php:36)
[stacktrace]
#0 /home/gg/www/NahabaGroup/ansp/vendor/laravel/framework/src/Illuminate/View/ViewServiceProvider.php(141): Illuminate\\View\\Compilers\\Compiler->__construct(Object(Illuminate\\Filesystem\\Filesystem), false)
#1 /home/gg/www/NahabaGroup/ansp/vendor/laravel/framework/src/Illuminate/Container/Container.php(799): Illuminate\\View\\ViewServiceProvider->Illuminate\\View\\{closure}(Object(Illuminate\\Foundation\\Application), Array)
#2 /home/gg/www/NahabaGroup/ansp/vendor/laravel/framework/src/Illuminate/Container/Container.php(681): Illuminate\\Container\\Container->build(Object(Closure))
#3 /home/gg/www/NahabaGroup/ansp/vendor/laravel/framework/src/Illuminate/Container/Container.php(629): Illuminate\\Container\\Container->resolve('blade.compiler', Array)
#4 /home/gg/www/NahabaGroup/ansp/vendor/laravel/framework/src/Illuminate/Foundation/Application.php(769): Illuminate\\Container\\Container->make('blade.compiler', Array)
#5 /home/gg/www/NahabaGroup/ansp/vendor/laravel/framework/src/Illuminate/Container/Container.php(1245): Illuminate\\Foundation\\Application->make('blade.compiler')
#6 /home/gg/www/NahabaGroup/ansp/vendor/laravel/framework/src/Illuminate/Support/Facades/Facade.php(198): Illuminate\\Container\\Container->offsetGet('blade.compiler')
#7 /home/gg/www/NahabaGroup/ansp/vendor/laravel/framework/src/Illuminate/Support/Facades/Facade.php(166): Illuminate\\Support\\Facades\\Facade::resolveFacadeInstance('blade.compiler')
#8 /home/gg/www/NahabaGroup/ansp/vendor/laravel/framework/src/Illuminate/Support/Facades/Facade.php(255): Illuminate\\Support\\Facades\\Facade::getFacadeRoot()
#9 /home/gg/www/NahabaGroup/ansp/vendor/arrilot/laravel-widgets/src/ServiceProvider.php(76): Illuminate\\Support\\Facades\\Facade::__callStatic('directive', Array)
#10 [internal function]: Arrilot\\Widgets\\ServiceProvider->boot()
#11 /home/gg/www/NahabaGroup/ansp/vendor/laravel/framework/src/Illuminate/Container/BoundMethod.php(32): call_user_func_array(Array, Array)
#12 /home/gg/www/NahabaGroup/ansp/vendor/laravel/framework/src/Illuminate/Container/Util.php(36): Illuminate\\Container\\BoundMethod::Illuminate\\Container\\{closure}()
#13 /home/gg/www/NahabaGroup/ansp/vendor/laravel/framework/src/Illuminate/Container/BoundMethod.php(90): Illuminate\\Container\\Util::unwrapIfClosure(Object(Closure))
#14 /home/gg/www/NahabaGroup/ansp/vendor/laravel/framework/src/Illuminate/Container/BoundMethod.php(34): Illuminate\\Container\\BoundMethod::callBoundMethod(Object(Illuminate\\Foundation\\Application), Array, Object(Closure))
#15 /home/gg/www/NahabaGroup/ansp/vendor/laravel/framework/src/Illuminate/Container/Container.php(590): Illuminate\\Container\\BoundMethod::call(Object(Illuminate\\Foundation\\Application), Array, Array, NULL)
#16 /home/gg/www/NahabaGroup/ansp/vendor/laravel/framework/src/Illuminate/Foundation/Application.php(829): Illuminate\\Container\\Container->call(Array)
#17 /home/gg/www/NahabaGroup/ansp/vendor/laravel/framework/src/Illuminate/Foundation/Application.php(812): Illuminate\\Foundation\\Application->bootProvider(Object(Arrilot\\Widgets\\ServiceProvider))
#18 [internal function]: Illuminate\\Foundation\\Application->Illuminate\\Foundation\\{closure}(Object(Arrilot\\Widgets\\ServiceProvider), 14)
#19 /home/gg/www/NahabaGroup/ansp/vendor/laravel/framework/src/Illuminate/Foundation/Application.php(813): array_walk(Array, Object(Closure))
#20 /home/gg/www/NahabaGroup/ansp/vendor/laravel/framework/src/Illuminate/Foundation/Bootstrap/BootProviders.php(17): Illuminate\\Foundation\\Application->boot()
#21 /home/gg/www/NahabaGroup/ansp/vendor/laravel/framework/src/Illuminate/Foundation/Application.php(212): Illuminate\\Foundation\\Bootstrap\\BootProviders->bootstrap(Object(Illuminate\\Foundation\\Application))
#22 /home/gg/www/NahabaGroup/ansp/vendor/laravel/framework/src/Illuminate/Foundation/Console/Kernel.php(320): Illuminate\\Foundation\\Application->bootstrapWith(Array)
#23 /home/gg/www/NahabaGroup/ansp/vendor/laravel/framework/src/Illuminate/Foundation/Console/Kernel.php(129): Illuminate\\Foundation\\Console\\Kernel->bootstrap()
#24 /home/gg/www/NahabaGroup/ansp/artisan(37): Illuminate\\Foundation\\Console\\Kernel->handle(Object(Symfony\\Component\\Console\\Input\\ArgvInput), Object(Symfony\\Component\\Console\\Output\\ConsoleOutput))
#25 {main}
"} 
[2019-12-17 14:39:07] local.ERROR: Please provide a valid cache path. {"exception":"[object] (InvalidArgumentException(code: 0): Please provide a valid cache path. at /home/gg/www/NahabaGroup/ansp/vendor/laravel/framework/src/Illuminate/View/Compilers/Compiler.php:36)
[stacktrace]
#0 /home/gg/www/NahabaGroup/ansp/vendor/laravel/framework/src/Illuminate/View/ViewServiceProvider.php(141): Illuminate\\View\\Compilers\\Compiler->__construct(Object(Illuminate\\Filesystem\\Filesystem), false)
#1 /home/gg/www/NahabaGroup/ansp/vendor/laravel/framework/src/Illuminate/Container/Container.php(799): Illuminate\\View\\ViewServiceProvider->Illuminate\\View\\{closure}(Object(Illuminate\\Foundation\\Application), Array)
#2 /home/gg/www/NahabaGroup/ansp/vendor/laravel/framework/src/Illuminate/Container/Container.php(681): Illuminate\\Container\\Container->build(Object(Closure))
#3 /home/gg/www/NahabaGroup/ansp/vendor/laravel/framework/src/Illuminate/Container/Container.php(629): Illuminate\\Container\\Container->resolve('blade.compiler', Array)
#4 /home/gg/www/NahabaGroup/ansp/vendor/laravel/framework/src/Illuminate/Foundation/Application.php(769): Illuminate\\Container\\Container->make('blade.compiler', Array)
#5 /home/gg/www/NahabaGroup/ansp/vendor/laravel/framework/src/Illuminate/Container/Container.php(1245): Illuminate\\Foundation\\Application->make('blade.compiler')
#6 /home/gg/www/NahabaGroup/ansp/vendor/laravel/framework/src/Illuminate/Support/Facades/Facade.php(198): Illuminate\\Container\\Container->offsetGet('blade.compiler')
#7 /home/gg/www/NahabaGroup/ansp/vendor/laravel/framework/src/Illuminate/Support/Facades/Facade.php(166): Illuminate\\Support\\Facades\\Facade::resolveFacadeInstance('blade.compiler')
#8 /home/gg/www/NahabaGroup/ansp/vendor/laravel/framework/src/Illuminate/Support/Facades/Facade.php(255): Illuminate\\Support\\Facades\\Facade::getFacadeRoot()
#9 /home/gg/www/NahabaGroup/ansp/vendor/arrilot/laravel-widgets/src/ServiceProvider.php(76): Illuminate\\Support\\Facades\\Facade::__callStatic('directive', Array)
#10 [internal function]: Arrilot\\Widgets\\ServiceProvider->boot()
#11 /home/gg/www/NahabaGroup/ansp/vendor/laravel/framework/src/Illuminate/Container/BoundMethod.php(32): call_user_func_array(Array, Array)
#12 /home/gg/www/NahabaGroup/ansp/vendor/laravel/framework/src/Illuminate/Container/Util.php(36): Illuminate\\Container\\BoundMethod::Illuminate\\Container\\{closure}()
#13 /home/gg/www/NahabaGroup/ansp/vendor/laravel/framework/src/Illuminate/Container/BoundMethod.php(90): Illuminate\\Container\\Util::unwrapIfClosure(Object(Closure))
#14 /home/gg/www/NahabaGroup/ansp/vendor/laravel/framework/src/Illuminate/Container/BoundMethod.php(34): Illuminate\\Container\\BoundMethod::callBoundMethod(Object(Illuminate\\Foundation\\Application), Array, Object(Closure))
#15 /home/gg/www/NahabaGroup/ansp/vendor/laravel/framework/src/Illuminate/Container/Container.php(590): Illuminate\\Container\\BoundMethod::call(Object(Illuminate\\Foundation\\Application), Array, Array, NULL)
#16 /home/gg/www/NahabaGroup/ansp/vendor/laravel/framework/src/Illuminate/Foundation/Application.php(829): Illuminate\\Container\\Container->call(Array)
#17 /home/gg/www/NahabaGroup/ansp/vendor/laravel/framework/src/Illuminate/Foundation/Application.php(812): Illuminate\\Foundation\\Application->bootProvider(Object(Arrilot\\Widgets\\ServiceProvider))
#18 [internal function]: Illuminate\\Foundation\\Application->Illuminate\\Foundation\\{closure}(Object(Arrilot\\Widgets\\ServiceProvider), 14)
#19 /home/gg/www/NahabaGroup/ansp/vendor/laravel/framework/src/Illuminate/Foundation/Application.php(813): array_walk(Array, Object(Closure))
#20 /home/gg/www/NahabaGroup/ansp/vendor/laravel/framework/src/Illuminate/Foundation/Bootstrap/BootProviders.php(17): Illuminate\\Foundation\\Application->boot()
#21 /home/gg/www/NahabaGroup/ansp/vendor/laravel/framework/src/Illuminate/Foundation/Application.php(212): Illuminate\\Foundation\\Bootstrap\\BootProviders->bootstrap(Object(Illuminate\\Foundation\\Application))
#22 /home/gg/www/NahabaGroup/ansp/vendor/laravel/framework/src/Illuminate/Foundation/Console/Kernel.php(320): Illuminate\\Foundation\\Application->bootstrapWith(Array)
#23 /home/gg/www/NahabaGroup/ansp/vendor/laravel/framework/src/Illuminate/Foundation/Console/Kernel.php(129): Illuminate\\Foundation\\Console\\Kernel->bootstrap()
#24 /home/gg/www/NahabaGroup/ansp/artisan(37): Illuminate\\Foundation\\Console\\Kernel->handle(Object(Symfony\\Component\\Console\\Input\\ArgvInput), Object(Symfony\\Component\\Console\\Output\\ConsoleOutput))
#25 {main}
"} 
[2019-12-17 14:39:20] local.ERROR: Please provide a valid cache path. {"exception":"[object] (InvalidArgumentException(code: 0): Please provide a valid cache path. at /home/gg/www/NahabaGroup/ansp/vendor/laravel/framework/src/Illuminate/View/Compilers/Compiler.php:36)
[stacktrace]
#0 /home/gg/www/NahabaGroup/ansp/vendor/laravel/framework/src/Illuminate/View/ViewServiceProvider.php(141): Illuminate\\View\\Compilers\\Compiler->__construct(Object(Illuminate\\Filesystem\\Filesystem), false)
#1 /home/gg/www/NahabaGroup/ansp/vendor/laravel/framework/src/Illuminate/Container/Container.php(799): Illuminate\\View\\ViewServiceProvider->Illuminate\\View\\{closure}(Object(Illuminate\\Foundation\\Application), Array)
#2 /home/gg/www/NahabaGroup/ansp/vendor/laravel/framework/src/Illuminate/Container/Container.php(681): Illuminate\\Container\\Container->build(Object(Closure))
#3 /home/gg/www/NahabaGroup/ansp/vendor/laravel/framework/src/Illuminate/Container/Container.php(629): Illuminate\\Container\\Container->resolve('blade.compiler', Array)
#4 /home/gg/www/NahabaGroup/ansp/vendor/laravel/framework/src/Illuminate/Foundation/Application.php(769): Illuminate\\Container\\Container->make('blade.compiler', Array)
#5 /home/gg/www/NahabaGroup/ansp/vendor/laravel/framework/src/Illuminate/Container/Container.php(1245): Illuminate\\Foundation\\Application->make('blade.compiler')
#6 /home/gg/www/NahabaGroup/ansp/vendor/laravel/framework/src/Illuminate/Support/Facades/Facade.php(198): Illuminate\\Container\\Container->offsetGet('blade.compiler')
#7 /home/gg/www/NahabaGroup/ansp/vendor/laravel/framework/src/Illuminate/Support/Facades/Facade.php(166): Illuminate\\Support\\Facades\\Facade::resolveFacadeInstance('blade.compiler')
#8 /home/gg/www/NahabaGroup/ansp/vendor/laravel/framework/src/Illuminate/Support/Facades/Facade.php(255): Illuminate\\Support\\Facades\\Facade::getFacadeRoot()
#9 /home/gg/www/NahabaGroup/ansp/vendor/arrilot/laravel-widgets/src/ServiceProvider.php(76): Illuminate\\Support\\Facades\\Facade::__callStatic('directive', Array)
#10 [internal function]: Arrilot\\Widgets\\ServiceProvider->boot()
#11 /home/gg/www/NahabaGroup/ansp/vendor/laravel/framework/src/Illuminate/Container/BoundMethod.php(32): call_user_func_array(Array, Array)
#12 /home/gg/www/NahabaGroup/ansp/vendor/laravel/framework/src/Illuminate/Container/Util.php(36): Illuminate\\Container\\BoundMethod::Illuminate\\Container\\{closure}()
#13 /home/gg/www/NahabaGroup/ansp/vendor/laravel/framework/src/Illuminate/Container/BoundMethod.php(90): Illuminate\\Container\\Util::unwrapIfClosure(Object(Closure))
#14 /home/gg/www/NahabaGroup/ansp/vendor/laravel/framework/src/Illuminate/Container/BoundMethod.php(34): Illuminate\\Container\\BoundMethod::callBoundMethod(Object(Illuminate\\Foundation\\Application), Array, Object(Closure))
#15 /home/gg/www/NahabaGroup/ansp/vendor/laravel/framework/src/Illuminate/Container/Container.php(590): Illuminate\\Container\\BoundMethod::call(Object(Illuminate\\Foundation\\Application), Array, Array, NULL)
#16 /home/gg/www/NahabaGroup/ansp/vendor/laravel/framework/src/Illuminate/Foundation/Application.php(829): Illuminate\\Container\\Container->call(Array)
#17 /home/gg/www/NahabaGroup/ansp/vendor/laravel/framework/src/Illuminate/Foundation/Application.php(812): Illuminate\\Foundation\\Application->bootProvider(Object(Arrilot\\Widgets\\ServiceProvider))
#18 [internal function]: Illuminate\\Foundation\\Application->Illuminate\\Foundation\\{closure}(Object(Arrilot\\Widgets\\ServiceProvider), 14)
#19 /home/gg/www/NahabaGroup/ansp/vendor/laravel/framework/src/Illuminate/Foundation/Application.php(813): array_walk(Array, Object(Closure))
#20 /home/gg/www/NahabaGroup/ansp/vendor/laravel/framework/src/Illuminate/Foundation/Bootstrap/BootProviders.php(17): Illuminate\\Foundation\\Application->boot()
#21 /home/gg/www/NahabaGroup/ansp/vendor/laravel/framework/src/Illuminate/Foundation/Application.php(212): Illuminate\\Foundation\\Bootstrap\\BootProviders->bootstrap(Object(Illuminate\\Foundation\\Application))
#22 /home/gg/www/NahabaGroup/ansp/vendor/laravel/framework/src/Illuminate/Foundation/Console/Kernel.php(320): Illuminate\\Foundation\\Application->bootstrapWith(Array)
#23 /home/gg/www/NahabaGroup/ansp/vendor/laravel/framework/src/Illuminate/Foundation/Console/Kernel.php(129): Illuminate\\Foundation\\Console\\Kernel->bootstrap()
#24 /home/gg/www/NahabaGroup/ansp/artisan(37): Illuminate\\Foundation\\Console\\Kernel->handle(Object(Symfony\\Component\\Console\\Input\\ArgvInput), Object(Symfony\\Component\\Console\\Output\\ConsoleOutput))
#25 {main}
"} 
[2019-12-17 14:39:56] local.ERROR: Please provide a valid cache path. {"exception":"[object] (InvalidArgumentException(code: 0): Please provide a valid cache path. at /home/gg/www/NahabaGroup/ansp/vendor/laravel/framework/src/Illuminate/View/Compilers/Compiler.php:36)
[stacktrace]
#0 /home/gg/www/NahabaGroup/ansp/vendor/laravel/framework/src/Illuminate/View/ViewServiceProvider.php(141): Illuminate\\View\\Compilers\\Compiler->__construct(Object(Illuminate\\Filesystem\\Filesystem), false)
#1 /home/gg/www/NahabaGroup/ansp/vendor/laravel/framework/src/Illuminate/Container/Container.php(799): Illuminate\\View\\ViewServiceProvider->Illuminate\\View\\{closure}(Object(Illuminate\\Foundation\\Application), Array)
#2 /home/gg/www/NahabaGroup/ansp/vendor/laravel/framework/src/Illuminate/Container/Container.php(681): Illuminate\\Container\\Container->build(Object(Closure))
#3 /home/gg/www/NahabaGroup/ansp/vendor/laravel/framework/src/Illuminate/Container/Container.php(629): Illuminate\\Container\\Container->resolve('blade.compiler', Array)
#4 /home/gg/www/NahabaGroup/ansp/vendor/laravel/framework/src/Illuminate/Foundation/Application.php(769): Illuminate\\Container\\Container->make('blade.compiler', Array)
#5 /home/gg/www/NahabaGroup/ansp/vendor/laravel/framework/src/Illuminate/Container/Container.php(1245): Illuminate\\Foundation\\Application->make('blade.compiler')
#6 /home/gg/www/NahabaGroup/ansp/vendor/laravel/framework/src/Illuminate/Support/Facades/Facade.php(198): Illuminate\\Container\\Container->offsetGet('blade.compiler')
#7 /home/gg/www/NahabaGroup/ansp/vendor/laravel/framework/src/Illuminate/Support/Facades/Facade.php(166): Illuminate\\Support\\Facades\\Facade::resolveFacadeInstance('blade.compiler')
#8 /home/gg/www/NahabaGroup/ansp/vendor/laravel/framework/src/Illuminate/Support/Facades/Facade.php(255): Illuminate\\Support\\Facades\\Facade::getFacadeRoot()
#9 /home/gg/www/NahabaGroup/ansp/vendor/arrilot/laravel-widgets/src/ServiceProvider.php(76): Illuminate\\Support\\Facades\\Facade::__callStatic('directive', Array)
#10 [internal function]: Arrilot\\Widgets\\ServiceProvider->boot()
#11 /home/gg/www/NahabaGroup/ansp/vendor/laravel/framework/src/Illuminate/Container/BoundMethod.php(32): call_user_func_array(Array, Array)
#12 /home/gg/www/NahabaGroup/ansp/vendor/laravel/framework/src/Illuminate/Container/Util.php(36): Illuminate\\Container\\BoundMethod::Illuminate\\Container\\{closure}()
#13 /home/gg/www/NahabaGroup/ansp/vendor/laravel/framework/src/Illuminate/Container/BoundMethod.php(90): Illuminate\\Container\\Util::unwrapIfClosure(Object(Closure))
#14 /home/gg/www/NahabaGroup/ansp/vendor/laravel/framework/src/Illuminate/Container/BoundMethod.php(34): Illuminate\\Container\\BoundMethod::callBoundMethod(Object(Illuminate\\Foundation\\Application), Array, Object(Closure))
#15 /home/gg/www/NahabaGroup/ansp/vendor/laravel/framework/src/Illuminate/Container/Container.php(590): Illuminate\\Container\\BoundMethod::call(Object(Illuminate\\Foundation\\Application), Array, Array, NULL)
#16 /home/gg/www/NahabaGroup/ansp/vendor/laravel/framework/src/Illuminate/Foundation/Application.php(829): Illuminate\\Container\\Container->call(Array)
#17 /home/gg/www/NahabaGroup/ansp/vendor/laravel/framework/src/Illuminate/Foundation/Application.php(812): Illuminate\\Foundation\\Application->bootProvider(Object(Arrilot\\Widgets\\ServiceProvider))
#18 [internal function]: Illuminate\\Foundation\\Application->Illuminate\\Foundation\\{closure}(Object(Arrilot\\Widgets\\ServiceProvider), 14)
#19 /home/gg/www/NahabaGroup/ansp/vendor/laravel/framework/src/Illuminate/Foundation/Application.php(813): array_walk(Array, Object(Closure))
#20 /home/gg/www/NahabaGroup/ansp/vendor/laravel/framework/src/Illuminate/Foundation/Bootstrap/BootProviders.php(17): Illuminate\\Foundation\\Application->boot()
#21 /home/gg/www/NahabaGroup/ansp/vendor/laravel/framework/src/Illuminate/Foundation/Application.php(212): Illuminate\\Foundation\\Bootstrap\\BootProviders->bootstrap(Object(Illuminate\\Foundation\\Application))
#22 /home/gg/www/NahabaGroup/ansp/vendor/laravel/framework/src/Illuminate/Foundation/Http/Kernel.php(163): Illuminate\\Foundation\\Application->bootstrapWith(Array)
#23 /home/gg/www/NahabaGroup/ansp/vendor/laravel/framework/src/Illuminate/Foundation/Http/Kernel.php(147): Illuminate\\Foundation\\Http\\Kernel->bootstrap()
#24 /home/gg/www/NahabaGroup/ansp/vendor/laravel/framework/src/Illuminate/Foundation/Http/Kernel.php(117): Illuminate\\Foundation\\Http\\Kernel->sendRequestThroughRouter(Object(Illuminate\\Http\\Request))
#25 /home/gg/www/NahabaGroup/ansp/public/index.php(55): Illuminate\\Foundation\\Http\\Kernel->handle(Object(Illuminate\\Http\\Request))
#26 /home/gg/www/NahabaGroup/ansp/server.php(21): require_once('/home/gg/www/Na...')
#27 {main}
"} 
[2019-12-17 14:40:20] local.ERROR: Please provide a valid cache path. {"exception":"[object] (InvalidArgumentException(code: 0): Please provide a valid cache path. at /home/gg/www/NahabaGroup/ansp/vendor/laravel/framework/src/Illuminate/View/Compilers/Compiler.php:36)
[stacktrace]
#0 /home/gg/www/NahabaGroup/ansp/vendor/laravel/framework/src/Illuminate/View/ViewServiceProvider.php(141): Illuminate\\View\\Compilers\\Compiler->__construct(Object(Illuminate\\Filesystem\\Filesystem), false)
#1 /home/gg/www/NahabaGroup/ansp/vendor/laravel/framework/src/Illuminate/Container/Container.php(799): Illuminate\\View\\ViewServiceProvider->Illuminate\\View\\{closure}(Object(Illuminate\\Foundation\\Application), Array)
#2 /home/gg/www/NahabaGroup/ansp/vendor/laravel/framework/src/Illuminate/Container/Container.php(681): Illuminate\\Container\\Container->build(Object(Closure))
#3 /home/gg/www/NahabaGroup/ansp/vendor/laravel/framework/src/Illuminate/Container/Container.php(629): Illuminate\\Container\\Container->resolve('blade.compiler', Array)
#4 /home/gg/www/NahabaGroup/ansp/vendor/laravel/framework/src/Illuminate/Foundation/Application.php(769): Illuminate\\Container\\Container->make('blade.compiler', Array)
#5 /home/gg/www/NahabaGroup/ansp/vendor/laravel/framework/src/Illuminate/Container/Container.php(1245): Illuminate\\Foundation\\Application->make('blade.compiler')
#6 /home/gg/www/NahabaGroup/ansp/vendor/laravel/framework/src/Illuminate/Support/Facades/Facade.php(198): Illuminate\\Container\\Container->offsetGet('blade.compiler')
#7 /home/gg/www/NahabaGroup/ansp/vendor/laravel/framework/src/Illuminate/Support/Facades/Facade.php(166): Illuminate\\Support\\Facades\\Facade::resolveFacadeInstance('blade.compiler')
#8 /home/gg/www/NahabaGroup/ansp/vendor/laravel/framework/src/Illuminate/Support/Facades/Facade.php(255): Illuminate\\Support\\Facades\\Facade::getFacadeRoot()
#9 /home/gg/www/NahabaGroup/ansp/vendor/arrilot/laravel-widgets/src/ServiceProvider.php(76): Illuminate\\Support\\Facades\\Facade::__callStatic('directive', Array)
#10 [internal function]: Arrilot\\Widgets\\ServiceProvider->boot()
#11 /home/gg/www/NahabaGroup/ansp/vendor/laravel/framework/src/Illuminate/Container/BoundMethod.php(32): call_user_func_array(Array, Array)
#12 /home/gg/www/NahabaGroup/ansp/vendor/laravel/framework/src/Illuminate/Container/Util.php(36): Illuminate\\Container\\BoundMethod::Illuminate\\Container\\{closure}()
#13 /home/gg/www/NahabaGroup/ansp/vendor/laravel/framework/src/Illuminate/Container/BoundMethod.php(90): Illuminate\\Container\\Util::unwrapIfClosure(Object(Closure))
#14 /home/gg/www/NahabaGroup/ansp/vendor/laravel/framework/src/Illuminate/Container/BoundMethod.php(34): Illuminate\\Container\\BoundMethod::callBoundMethod(Object(Illuminate\\Foundation\\Application), Array, Object(Closure))
#15 /home/gg/www/NahabaGroup/ansp/vendor/laravel/framework/src/Illuminate/Container/Container.php(590): Illuminate\\Container\\BoundMethod::call(Object(Illuminate\\Foundation\\Application), Array, Array, NULL)
#16 /home/gg/www/NahabaGroup/ansp/vendor/laravel/framework/src/Illuminate/Foundation/Application.php(829): Illuminate\\Container\\Container->call(Array)
#17 /home/gg/www/NahabaGroup/ansp/vendor/laravel/framework/src/Illuminate/Foundation/Application.php(812): Illuminate\\Foundation\\Application->bootProvider(Object(Arrilot\\Widgets\\ServiceProvider))
#18 [internal function]: Illuminate\\Foundation\\Application->Illuminate\\Foundation\\{closure}(Object(Arrilot\\Widgets\\ServiceProvider), 14)
#19 /home/gg/www/NahabaGroup/ansp/vendor/laravel/framework/src/Illuminate/Foundation/Application.php(813): array_walk(Array, Object(Closure))
#20 /home/gg/www/NahabaGroup/ansp/vendor/laravel/framework/src/Illuminate/Foundation/Bootstrap/BootProviders.php(17): Illuminate\\Foundation\\Application->boot()
#21 /home/gg/www/NahabaGroup/ansp/vendor/laravel/framework/src/Illuminate/Foundation/Application.php(212): Illuminate\\Foundation\\Bootstrap\\BootProviders->bootstrap(Object(Illuminate\\Foundation\\Application))
#22 /home/gg/www/NahabaGroup/ansp/vendor/laravel/framework/src/Illuminate/Foundation/Http/Kernel.php(163): Illuminate\\Foundation\\Application->bootstrapWith(Array)
#23 /home/gg/www/NahabaGroup/ansp/vendor/laravel/framework/src/Illuminate/Foundation/Http/Kernel.php(147): Illuminate\\Foundation\\Http\\Kernel->bootstrap()
#24 /home/gg/www/NahabaGroup/ansp/vendor/laravel/framework/src/Illuminate/Foundation/Http/Kernel.php(117): Illuminate\\Foundation\\Http\\Kernel->sendRequestThroughRouter(Object(Illuminate\\Http\\Request))
#25 /home/gg/www/NahabaGroup/ansp/public/index.php(55): Illuminate\\Foundation\\Http\\Kernel->handle(Object(Illuminate\\Http\\Request))
#26 /home/gg/www/NahabaGroup/ansp/server.php(21): require_once('/home/gg/www/Na...')
#27 {main}
"} 
[2019-12-17 14:41:06] local.ERROR: Please provide a valid cache path. {"exception":"[object] (InvalidArgumentException(code: 0): Please provide a valid cache path. at /home/gg/www/NahabaGroup/ansp/vendor/laravel/framework/src/Illuminate/View/Compilers/Compiler.php:36)
[stacktrace]
#0 /home/gg/www/NahabaGroup/ansp/vendor/laravel/framework/src/Illuminate/View/ViewServiceProvider.php(141): Illuminate\\View\\Compilers\\Compiler->__construct(Object(Illuminate\\Filesystem\\Filesystem), false)
#1 /home/gg/www/NahabaGroup/ansp/vendor/laravel/framework/src/Illuminate/Container/Container.php(799): Illuminate\\View\\ViewServiceProvider->Illuminate\\View\\{closure}(Object(Illuminate\\Foundation\\Application), Array)
#2 /home/gg/www/NahabaGroup/ansp/vendor/laravel/framework/src/Illuminate/Container/Container.php(681): Illuminate\\Container\\Container->build(Object(Closure))
#3 /home/gg/www/NahabaGroup/ansp/vendor/laravel/framework/src/Illuminate/Container/Container.php(629): Illuminate\\Container\\Container->resolve('blade.compiler', Array)
#4 /home/gg/www/NahabaGroup/ansp/vendor/laravel/framework/src/Illuminate/Foundation/Application.php(769): Illuminate\\Container\\Container->make('blade.compiler', Array)
#5 /home/gg/www/NahabaGroup/ansp/vendor/laravel/framework/src/Illuminate/Container/Container.php(1245): Illuminate\\Foundation\\Application->make('blade.compiler')
#6 /home/gg/www/NahabaGroup/ansp/vendor/laravel/framework/src/Illuminate/Support/Facades/Facade.php(198): Illuminate\\Container\\Container->offsetGet('blade.compiler')
#7 /home/gg/www/NahabaGroup/ansp/vendor/laravel/framework/src/Illuminate/Support/Facades/Facade.php(166): Illuminate\\Support\\Facades\\Facade::resolveFacadeInstance('blade.compiler')
#8 /home/gg/www/NahabaGroup/ansp/vendor/laravel/framework/src/Illuminate/Support/Facades/Facade.php(255): Illuminate\\Support\\Facades\\Facade::getFacadeRoot()
#9 /home/gg/www/NahabaGroup/ansp/vendor/arrilot/laravel-widgets/src/ServiceProvider.php(76): Illuminate\\Support\\Facades\\Facade::__callStatic('directive', Array)
#10 [internal function]: Arrilot\\Widgets\\ServiceProvider->boot()
#11 /home/gg/www/NahabaGroup/ansp/vendor/laravel/framework/src/Illuminate/Container/BoundMethod.php(32): call_user_func_array(Array, Array)
#12 /home/gg/www/NahabaGroup/ansp/vendor/laravel/framework/src/Illuminate/Container/Util.php(36): Illuminate\\Container\\BoundMethod::Illuminate\\Container\\{closure}()
#13 /home/gg/www/NahabaGroup/ansp/vendor/laravel/framework/src/Illuminate/Container/BoundMethod.php(90): Illuminate\\Container\\Util::unwrapIfClosure(Object(Closure))
#14 /home/gg/www/NahabaGroup/ansp/vendor/laravel/framework/src/Illuminate/Container/BoundMethod.php(34): Illuminate\\Container\\BoundMethod::callBoundMethod(Object(Illuminate\\Foundation\\Application), Array, Object(Closure))
#15 /home/gg/www/NahabaGroup/ansp/vendor/laravel/framework/src/Illuminate/Container/Container.php(590): Illuminate\\Container\\BoundMethod::call(Object(Illuminate\\Foundation\\Application), Array, Array, NULL)
#16 /home/gg/www/NahabaGroup/ansp/vendor/laravel/framework/src/Illuminate/Foundation/Application.php(829): Illuminate\\Container\\Container->call(Array)
#17 /home/gg/www/NahabaGroup/ansp/vendor/laravel/framework/src/Illuminate/Foundation/Application.php(812): Illuminate\\Foundation\\Application->bootProvider(Object(Arrilot\\Widgets\\ServiceProvider))
#18 [internal function]: Illuminate\\Foundation\\Application->Illuminate\\Foundation\\{closure}(Object(Arrilot\\Widgets\\ServiceProvider), 14)
#19 /home/gg/www/NahabaGroup/ansp/vendor/laravel/framework/src/Illuminate/Foundation/Application.php(813): array_walk(Array, Object(Closure))
#20 /home/gg/www/NahabaGroup/ansp/vendor/laravel/framework/src/Illuminate/Foundation/Bootstrap/BootProviders.php(17): Illuminate\\Foundation\\Application->boot()
#21 /home/gg/www/NahabaGroup/ansp/vendor/laravel/framework/src/Illuminate/Foundation/Application.php(212): Illuminate\\Foundation\\Bootstrap\\BootProviders->bootstrap(Object(Illuminate\\Foundation\\Application))
#22 /home/gg/www/NahabaGroup/ansp/vendor/laravel/framework/src/Illuminate/Foundation/Console/Kernel.php(320): Illuminate\\Foundation\\Application->bootstrapWith(Array)
#23 /home/gg/www/NahabaGroup/ansp/vendor/laravel/framework/src/Illuminate/Foundation/Console/Kernel.php(129): Illuminate\\Foundation\\Console\\Kernel->bootstrap()
#24 /home/gg/www/NahabaGroup/ansp/artisan(37): Illuminate\\Foundation\\Console\\Kernel->handle(Object(Symfony\\Component\\Console\\Input\\ArgvInput), Object(Symfony\\Component\\Console\\Output\\ConsoleOutput))
#25 {main}
"} 
[2019-12-17 14:46:29] local.ERROR: symlink(): No such file or directory {"exception":"[object] (ErrorException(code: 0): symlink(): No such file or directory at /home/gg/www/NahabaGroup/ansp/vendor/laravel/framework/src/Illuminate/Filesystem/Filesystem.php:263)
[stacktrace]
#0 [internal function]: Illuminate\\Foundation\\Bootstrap\\HandleExceptions->handleError(2, 'symlink(): No s...', '/home/gg/www/Na...', 263, Array)
#1 /home/gg/www/NahabaGroup/ansp/vendor/laravel/framework/src/Illuminate/Filesystem/Filesystem.php(263): symlink('/home/gg/www/Na...', '/home/gg/www/Na...')
#2 /home/gg/www/NahabaGroup/ansp/vendor/laravel/framework/src/Illuminate/Foundation/Console/StorageLinkCommand.php(35): Illuminate\\Filesystem\\Filesystem->link('/home/gg/www/Na...', '/home/gg/www/Na...')
#3 [internal function]: Illuminate\\Foundation\\Console\\StorageLinkCommand->handle()
#4 /home/gg/www/NahabaGroup/ansp/vendor/laravel/framework/src/Illuminate/Container/BoundMethod.php(32): call_user_func_array(Array, Array)
#5 /home/gg/www/NahabaGroup/ansp/vendor/laravel/framework/src/Illuminate/Container/Util.php(36): Illuminate\\Container\\BoundMethod::Illuminate\\Container\\{closure}()
#6 /home/gg/www/NahabaGroup/ansp/vendor/laravel/framework/src/Illuminate/Container/BoundMethod.php(90): Illuminate\\Container\\Util::unwrapIfClosure(Object(Closure))
#7 /home/gg/www/NahabaGroup/ansp/vendor/laravel/framework/src/Illuminate/Container/BoundMethod.php(34): Illuminate\\Container\\BoundMethod::callBoundMethod(Object(Illuminate\\Foundation\\Application), Array, Object(Closure))
#8 /home/gg/www/NahabaGroup/ansp/vendor/laravel/framework/src/Illuminate/Container/Container.php(590): Illuminate\\Container\\BoundMethod::call(Object(Illuminate\\Foundation\\Application), Array, Array, NULL)
#9 /home/gg/www/NahabaGroup/ansp/vendor/laravel/framework/src/Illuminate/Console/Command.php(202): Illuminate\\Container\\Container->call(Array)
#10 /home/gg/www/NahabaGroup/ansp/vendor/symfony/console/Command/Command.php(255): Illuminate\\Console\\Command->execute(Object(Symfony\\Component\\Console\\Input\\ArgvInput), Object(Illuminate\\Console\\OutputStyle))
#11 /home/gg/www/NahabaGroup/ansp/vendor/laravel/framework/src/Illuminate/Console/Command.php(189): Symfony\\Component\\Console\\Command\\Command->run(Object(Symfony\\Component\\Console\\Input\\ArgvInput), Object(Illuminate\\Console\\OutputStyle))
#12 /home/gg/www/NahabaGroup/ansp/vendor/symfony/console/Application.php(1011): Illuminate\\Console\\Command->run(Object(Symfony\\Component\\Console\\Input\\ArgvInput), Object(Symfony\\Component\\Console\\Output\\ConsoleOutput))
#13 /home/gg/www/NahabaGroup/ansp/vendor/symfony/console/Application.php(272): Symfony\\Component\\Console\\Application->doRunCommand(Object(Illuminate\\Foundation\\Console\\StorageLinkCommand), Object(Symfony\\Component\\Console\\Input\\ArgvInput), Object(Symfony\\Component\\Console\\Output\\ConsoleOutput))
#14 /home/gg/www/NahabaGroup/ansp/vendor/symfony/console/Application.php(148): Symfony\\Component\\Console\\Application->doRun(Object(Symfony\\Component\\Console\\Input\\ArgvInput), Object(Symfony\\Component\\Console\\Output\\ConsoleOutput))
#15 /home/gg/www/NahabaGroup/ansp/vendor/laravel/framework/src/Illuminate/Console/Application.php(93): Symfony\\Component\\Console\\Application->run(Object(Symfony\\Component\\Console\\Input\\ArgvInput), Object(Symfony\\Component\\Console\\Output\\ConsoleOutput))
#16 /home/gg/www/NahabaGroup/ansp/vendor/laravel/framework/src/Illuminate/Foundation/Console/Kernel.php(131): Illuminate\\Console\\Application->run(Object(Symfony\\Component\\Console\\Input\\ArgvInput), Object(Symfony\\Component\\Console\\Output\\ConsoleOutput))
#17 /home/gg/www/NahabaGroup/ansp/artisan(37): Illuminate\\Foundation\\Console\\Kernel->handle(Object(Symfony\\Component\\Console\\Input\\ArgvInput), Object(Symfony\\Component\\Console\\Output\\ConsoleOutput))
#18 {main}
"} 
[2019-12-17 19:09:36] local.ERROR: Unsupported image type. GD driver is only able to decode JPG, PNG, GIF or WebP files. {"userId":1,"exception":"[object] (Intervention\\Image\\Exception\\NotReadableException(code: 0): Unsupported image type. GD driver is only able to decode JPG, PNG, GIF or WebP files. at /home/gg/www/NahabaGroup/ansp/vendor/intervention/image/src/Intervention/Image/Gd/Decoder.php:59)
[stacktrace]
#0 /home/gg/www/NahabaGroup/ansp/vendor/intervention/image/src/Intervention/Image/AbstractDecoder.php(324): Intervention\\Image\\Gd\\Decoder->initFromPath('/tmp/phpsLo7QA')
#1 /home/gg/www/NahabaGroup/ansp/vendor/intervention/image/src/Intervention/Image/AbstractDriver.php(66): Intervention\\Image\\AbstractDecoder->init(Object(Illuminate\\Http\\UploadedFile))
#2 /home/gg/www/NahabaGroup/ansp/vendor/intervention/image/src/Intervention/Image/ImageManager.php(54): Intervention\\Image\\AbstractDriver->init(Object(Illuminate\\Http\\UploadedFile))
#3 /home/gg/www/NahabaGroup/ansp/vendor/laravel/framework/src/Illuminate/Support/Facades/Facade.php(261): Intervention\\Image\\ImageManager->make(Object(Illuminate\\Http\\UploadedFile))
#4 /home/gg/www/NahabaGroup/ansp/vendor/tcg/voyager/src/Http/Controllers/ContentTypes/Image.php(21): Illuminate\\Support\\Facades\\Facade::__callStatic('make', Array)
#5 /home/gg/www/NahabaGroup/ansp/vendor/tcg/voyager/src/Http/Controllers/Controller.php(243): TCG\\Voyager\\Http\\Controllers\\ContentTypes\\Image->handle()
#6 /home/gg/www/NahabaGroup/ansp/vendor/tcg/voyager/src/Http/Controllers/VoyagerSettingsController.php(94): TCG\\Voyager\\Http\\Controllers\\Controller->getContentBasedOnType(Object(Illuminate\\Http\\Request), 'settings', Object(stdClass), '')
#7 [internal function]: TCG\\Voyager\\Http\\Controllers\\VoyagerSettingsController->update(Object(Illuminate\\Http\\Request))
#8 /home/gg/www/NahabaGroup/ansp/vendor/laravel/framework/src/Illuminate/Routing/Controller.php(54): call_user_func_array(Array, Array)
#9 /home/gg/www/NahabaGroup/ansp/vendor/laravel/framework/src/Illuminate/Routing/ControllerDispatcher.php(45): Illuminate\\Routing\\Controller->callAction('update', Array)
#10 /home/gg/www/NahabaGroup/ansp/vendor/laravel/framework/src/Illuminate/Routing/Route.php(219): Illuminate\\Routing\\ControllerDispatcher->dispatch(Object(Illuminate\\Routing\\Route), Object(TCG\\Voyager\\Http\\Controllers\\VoyagerSettingsController), 'update')
#11 /home/gg/www/NahabaGroup/ansp/vendor/laravel/framework/src/Illuminate/Routing/Route.php(176): Illuminate\\Routing\\Route->runController()
#12 /home/gg/www/NahabaGroup/ansp/vendor/laravel/framework/src/Illuminate/Routing/Router.php(681): Illuminate\\Routing\\Route->run()
#13 /home/gg/www/NahabaGroup/ansp/vendor/laravel/framework/src/Illuminate/Pipeline/Pipeline.php(130): Illuminate\\Routing\\Router->Illuminate\\Routing\\{closure}(Object(Illuminate\\Http\\Request))
#14 /home/gg/www/NahabaGroup/ansp/vendor/tcg/voyager/src/Http/Middleware/VoyagerAdminMiddleware.php(26): Illuminate\\Pipeline\\Pipeline->Illuminate\\Pipeline\\{closure}(Object(Illuminate\\Http\\Request))
#15 /home/gg/www/NahabaGroup/ansp/vendor/laravel/framework/src/Illuminate/Pipeline/Pipeline.php(171): TCG\\Voyager\\Http\\Middleware\\VoyagerAdminMiddleware->handle(Object(Illuminate\\Http\\Request), Object(Closure))
#16 /home/gg/www/NahabaGroup/ansp/vendor/laravel/framework/src/Illuminate/Routing/Middleware/SubstituteBindings.php(41): Illuminate\\Pipeline\\Pipeline->Illuminate\\Pipeline\\{closure}(Object(Illuminate\\Http\\Request))
#17 /home/gg/www/NahabaGroup/ansp/vendor/laravel/framework/src/Illuminate/Pipeline/Pipeline.php(171): Illuminate\\Routing\\Middleware\\SubstituteBindings->handle(Object(Illuminate\\Http\\Request), Object(Closure))
#18 /home/gg/www/NahabaGroup/ansp/vendor/laravel/framework/src/Illuminate/Foundation/Http/Middleware/VerifyCsrfToken.php(76): Illuminate\\Pipeline\\Pipeline->Illuminate\\Pipeline\\{closure}(Object(Illuminate\\Http\\Request))
#19 /home/gg/www/NahabaGroup/ansp/vendor/laravel/framework/src/Illuminate/Pipeline/Pipeline.php(171): Illuminate\\Foundation\\Http\\Middleware\\VerifyCsrfToken->handle(Object(Illuminate\\Http\\Request), Object(Closure))
#20 /home/gg/www/NahabaGroup/ansp/vendor/laravel/framework/src/Illuminate/View/Middleware/ShareErrorsFromSession.php(49): Illuminate\\Pipeline\\Pipeline->Illuminate\\Pipeline\\{closure}(Object(Illuminate\\Http\\Request))
#21 /home/gg/www/NahabaGroup/ansp/vendor/laravel/framework/src/Illuminate/Pipeline/Pipeline.php(171): Illuminate\\View\\Middleware\\ShareErrorsFromSession->handle(Object(Illuminate\\Http\\Request), Object(Closure))
#22 /home/gg/www/NahabaGroup/ansp/vendor/laravel/framework/src/Illuminate/Session/Middleware/StartSession.php(56): Illuminate\\Pipeline\\Pipeline->Illuminate\\Pipeline\\{closure}(Object(Illuminate\\Http\\Request))
#23 /home/gg/www/NahabaGroup/ansp/vendor/laravel/framework/src/Illuminate/Pipeline/Pipeline.php(171): Illuminate\\Session\\Middleware\\StartSession->handle(Object(Illuminate\\Http\\Request), Object(Closure))
#24 /home/gg/www/NahabaGroup/ansp/vendor/laravel/framework/src/Illuminate/Cookie/Middleware/AddQueuedCookiesToResponse.php(37): Illuminate\\Pipeline\\Pipeline->Illuminate\\Pipeline\\{closure}(Object(Illuminate\\Http\\Request))
#25 /home/gg/www/NahabaGroup/ansp/vendor/laravel/framework/src/Illuminate/Pipeline/Pipeline.php(171): Illuminate\\Cookie\\Middleware\\AddQueuedCookiesToResponse->handle(Object(Illuminate\\Http\\Request), Object(Closure))
#26 /home/gg/www/NahabaGroup/ansp/vendor/laravel/framework/src/Illuminate/Cookie/Middleware/EncryptCookies.php(66): Illuminate\\Pipeline\\Pipeline->Illuminate\\Pipeline\\{closure}(Object(Illuminate\\Http\\Request))
#27 /home/gg/www/NahabaGroup/ansp/vendor/laravel/framework/src/Illuminate/Pipeline/Pipeline.php(171): Illuminate\\Cookie\\Middleware\\EncryptCookies->handle(Object(Illuminate\\Http\\Request), Object(Closure))
#28 /home/gg/www/NahabaGroup/ansp/vendor/laravel/framework/src/Illuminate/Pipeline/Pipeline.php(105): Illuminate\\Pipeline\\Pipeline->Illuminate\\Pipeline\\{closure}(Object(Illuminate\\Http\\Request))
#29 /home/gg/www/NahabaGroup/ansp/vendor/laravel/framework/src/Illuminate/Routing/Router.php(683): Illuminate\\Pipeline\\Pipeline->then(Object(Closure))
#30 /home/gg/www/NahabaGroup/ansp/vendor/laravel/framework/src/Illuminate/Routing/Router.php(658): Illuminate\\Routing\\Router->runRouteWithinStack(Object(Illuminate\\Routing\\Route), Object(Illuminate\\Http\\Request))
#31 /home/gg/www/NahabaGroup/ansp/vendor/laravel/framework/src/Illuminate/Routing/Router.php(624): Illuminate\\Routing\\Router->runRoute(Object(Illuminate\\Http\\Request), Object(Illuminate\\Routing\\Route))
#32 /home/gg/www/NahabaGroup/ansp/vendor/laravel/framework/src/Illuminate/Routing/Router.php(613): Illuminate\\Routing\\Router->dispatchToRoute(Object(Illuminate\\Http\\Request))
#33 /home/gg/www/NahabaGroup/ansp/vendor/laravel/framework/src/Illuminate/Foundation/Http/Kernel.php(177): Illuminate\\Routing\\Router->dispatch(Object(Illuminate\\Http\\Request))
#34 /home/gg/www/NahabaGroup/ansp/vendor/laravel/framework/src/Illuminate/Pipeline/Pipeline.php(130): Illuminate\\Foundation\\Http\\Kernel->Illuminate\\Foundation\\Http\\{closure}(Object(Illuminate\\Http\\Request))
#35 /home/gg/www/NahabaGroup/ansp/vendor/laravel/framework/src/Illuminate/Foundation/Http/Middleware/TransformsRequest.php(21): Illuminate\\Pipeline\\Pipeline->Illuminate\\Pipeline\\{closure}(Object(Illuminate\\Http\\Request))
#36 /home/gg/www/NahabaGroup/ansp/vendor/laravel/framework/src/Illuminate/Pipeline/Pipeline.php(171): Illuminate\\Foundation\\Http\\Middleware\\TransformsRequest->handle(Object(Illuminate\\Http\\Request), Object(Closure))
#37 /home/gg/www/NahabaGroup/ansp/vendor/laravel/framework/src/Illuminate/Foundation/Http/Middleware/TransformsRequest.php(21): Illuminate\\Pipeline\\Pipeline->Illuminate\\Pipeline\\{closure}(Object(Illuminate\\Http\\Request))
#38 /home/gg/www/NahabaGroup/ansp/vendor/laravel/framework/src/Illuminate/Pipeline/Pipeline.php(171): Illuminate\\Foundation\\Http\\Middleware\\TransformsRequest->handle(Object(Illuminate\\Http\\Request), Object(Closure))
#39 /home/gg/www/NahabaGroup/ansp/vendor/laravel/framework/src/Illuminate/Foundation/Http/Middleware/ValidatePostSize.php(27): Illuminate\\Pipeline\\Pipeline->Illuminate\\Pipeline\\{closure}(Object(Illuminate\\Http\\Request))
#40 /home/gg/www/NahabaGroup/ansp/vendor/laravel/framework/src/Illuminate/Pipeline/Pipeline.php(171): Illuminate\\Foundation\\Http\\Middleware\\ValidatePostSize->handle(Object(Illuminate\\Http\\Request), Object(Closure))
#41 /home/gg/www/NahabaGroup/ansp/vendor/laravel/framework/src/Illuminate/Foundation/Http/Middleware/CheckForMaintenanceMode.php(62): Illuminate\\Pipeline\\Pipeline->Illuminate\\Pipeline\\{closure}(Object(Illuminate\\Http\\Request))
#42 /home/gg/www/NahabaGroup/ansp/vendor/laravel/framework/src/Illuminate/Pipeline/Pipeline.php(171): Illuminate\\Foundation\\Http\\Middleware\\CheckForMaintenanceMode->handle(Object(Illuminate\\Http\\Request), Object(Closure))
#43 /home/gg/www/NahabaGroup/ansp/vendor/fideloper/proxy/src/TrustProxies.php(57): Illuminate\\Pipeline\\Pipeline->Illuminate\\Pipeline\\{closure}(Object(Illuminate\\Http\\Request))
#44 /home/gg/www/NahabaGroup/ansp/vendor/laravel/framework/src/Illuminate/Pipeline/Pipeline.php(171): Fideloper\\Proxy\\TrustProxies->handle(Object(Illuminate\\Http\\Request), Object(Closure))
#45 /home/gg/www/NahabaGroup/ansp/vendor/laravel/framework/src/Illuminate/Pipeline/Pipeline.php(105): Illuminate\\Pipeline\\Pipeline->Illuminate\\Pipeline\\{closure}(Object(Illuminate\\Http\\Request))
#46 /home/gg/www/NahabaGroup/ansp/vendor/laravel/framework/src/Illuminate/Foundation/Http/Kernel.php(152): Illuminate\\Pipeline\\Pipeline->then(Object(Closure))
#47 /home/gg/www/NahabaGroup/ansp/vendor/laravel/framework/src/Illuminate/Foundation/Http/Kernel.php(117): Illuminate\\Foundation\\Http\\Kernel->sendRequestThroughRouter(Object(Illuminate\\Http\\Request))
#48 /home/gg/www/NahabaGroup/ansp/public/index.php(55): Illuminate\\Foundation\\Http\\Kernel->handle(Object(Illuminate\\Http\\Request))
#49 /home/gg/www/NahabaGroup/ansp/server.php(21): require_once('/home/gg/www/Na...')
#50 {main}
"} 
